<?xml version="1.0" encoding="UTF-8"?>
<testng-results total="1" passed="1" failed="0" skipped="0">
  <reporter-output>
  </reporter-output>
  <suite started-at="2017-10-31T15:31:27Z" name="Default suite" finished-at="2017-10-31T15:31:47Z" duration-ms="19929">
    <groups>
    </groups>
    <test started-at="2017-10-31T15:31:27Z" name="Default test" finished-at="2017-10-31T15:31:47Z" duration-ms="19929">
      <class name="com.pradeep.framework.keyword.KeyWordExecution">
        <test-method signature="mainTest()[pri:0, instance:com.pradeep.framework.keyword.KeyWordExecution@158a8276]" started-at="2017-10-31T11:31:27Z" name="mainTest" finished-at="2017-10-31T11:31:47Z" duration-ms="19861" status="PASS">
          <reporter-output>
          </reporter-output>
        </test-method> <!-- mainTest -->
      </class> <!-- com.pradeep.framework.keyword.KeyWordExecution -->
    </test> <!-- Default test -->
  </suite> <!-- Default suite -->
</testng-results>
